<?xml version="1.0" encoding="UTF-8"?>
<!-- Generated by org.testng.reporters.JUnitReportReporter -->
<testsuite hostname="LAPTOP-LEEKOTLG" failures="0" tests="1" name="com.swiggymobiletest.BasePage" time="65.446" errors="0" timestamp="2022-12-14T07:25:49 IST" skipped="0">
  <testcase classname="com.swiggymobiletest.BasePage" name="swiggyApplication" time="65.446"/>
  <system-out/>
</testsuite> <!-- com.swiggymobiletest.BasePage -->
